

Started GET "/" for 127.0.0.1 at 2014-12-15 00:06:03 -0800
Processing by Rails::WelcomeController#index as HTML
  Rendered /var/lib/gems/1.9.1/gems/railties-4.0.2/lib/rails/templates/rails/welcome/index.html.erb (30.3ms)
Completed 200 OK in 94ms (Views: 43.1ms | ActiveRecord: 0.0ms)


Started GET "/" for 127.0.0.1 at 2014-12-15 00:35:12 -0800
Processing by Rails::WelcomeController#index as HTML
  Rendered /var/lib/gems/1.9.1/gems/railties-4.0.2/lib/rails/templates/rails/welcome/index.html.erb (0.0ms)
Completed 200 OK in 2ms (Views: 2.1ms | ActiveRecord: 0.0ms)


Started GET "/" for 127.0.0.1 at 2014-12-15 00:38:19 -0800
Processing by Rails::WelcomeController#index as HTML
  Rendered /var/lib/gems/1.9.1/gems/railties-4.0.2/lib/rails/templates/rails/welcome/index.html.erb (31.1ms)
Completed 200 OK in 92ms (Views: 46.4ms | ActiveRecord: 0.0ms)


Started GET "/" for 127.0.0.1 at 2014-12-15 00:42:17 -0800
Processing by WelcomeController#index as HTML
  Rendered welcome/index.html.erb within layouts/application (28.0ms)
Completed 200 OK in 745ms (Views: 700.5ms | ActiveRecord: 0.0ms)


Started GET "/assets/application.css?body=1" for 127.0.0.1 at 2014-12-15 00:42:19 -0800


Started GET "/assets/welcome.css?body=1" for 127.0.0.1 at 2014-12-15 00:42:19 -0800


Started GET "/assets/application.js?body=1" for 127.0.0.1 at 2014-12-15 00:42:19 -0800


Started GET "/assets/welcome.js?body=1" for 127.0.0.1 at 2014-12-15 00:42:19 -0800


Started GET "/assets/turbolinks.js?body=1" for 127.0.0.1 at 2014-12-15 00:42:19 -0800


Started GET "/assets/jquery_ujs.js?body=1" for 127.0.0.1 at 2014-12-15 00:42:19 -0800


Started GET "/assets/jquery.js?body=1" for 127.0.0.1 at 2014-12-15 00:42:19 -0800


Started GET "/articles/new" for 127.0.0.1 at 2014-12-15 01:02:21 -0800

ActionController::RoutingError (uninitialized constant ArticlesController):
  activesupport (4.0.2) lib/active_support/inflector/methods.rb:226:in `const_get'
  activesupport (4.0.2) lib/active_support/inflector/methods.rb:226:in `block in constantize'
  activesupport (4.0.2) lib/active_support/inflector/methods.rb:224:in `each'
  activesupport (4.0.2) lib/active_support/inflector/methods.rb:224:in `inject'
  activesupport (4.0.2) lib/active_support/inflector/methods.rb:224:in `constantize'
  actionpack (4.0.2) lib/action_dispatch/routing/route_set.rb:76:in `controller_reference'
  actionpack (4.0.2) lib/action_dispatch/routing/route_set.rb:66:in `controller'
  actionpack (4.0.2) lib/action_dispatch/routing/route_set.rb:44:in `call'
  actionpack (4.0.2) lib/action_dispatch/journey/router.rb:71:in `block in call'
  actionpack (4.0.2) lib/action_dispatch/journey/router.rb:59:in `each'
  actionpack (4.0.2) lib/action_dispatch/journey/router.rb:59:in `call'
  actionpack (4.0.2) lib/action_dispatch/routing/route_set.rb:680:in `call'
  rack (1.5.2) lib/rack/etag.rb:23:in `call'
  rack (1.5.2) lib/rack/conditionalget.rb:25:in `call'
  rack (1.5.2) lib/rack/head.rb:11:in `call'
  actionpack (4.0.2) lib/action_dispatch/middleware/params_parser.rb:27:in `call'
  actionpack (4.0.2) lib/action_dispatch/middleware/flash.rb:241:in `call'
  rack (1.5.2) lib/rack/session/abstract/id.rb:225:in `context'
  rack (1.5.2) lib/rack/session/abstract/id.rb:220:in `call'
  actionpack (4.0.2) lib/action_dispatch/middleware/cookies.rb:486:in `call'
  activerecord (4.0.2) lib/active_record/query_cache.rb:36:in `call'
  activerecord (4.0.2) lib/active_record/connection_adapters/abstract/connection_pool.rb:626:in `call'
  activerecord (4.0.2) lib/active_record/migration.rb:369:in `call'
  actionpack (4.0.2) lib/action_dispatch/middleware/callbacks.rb:29:in `block in call'
  activesupport (4.0.2) lib/active_support/callbacks.rb:373:in `_run__4551625444735801876__call__callbacks'
  activesupport (4.0.2) lib/active_support/callbacks.rb:80:in `run_callbacks'
  actionpack (4.0.2) lib/action_dispatch/middleware/callbacks.rb:27:in `call'
  actionpack (4.0.2) lib/action_dispatch/middleware/reloader.rb:64:in `call'
  actionpack (4.0.2) lib/action_dispatch/middleware/remote_ip.rb:76:in `call'
  actionpack (4.0.2) lib/action_dispatch/middleware/debug_exceptions.rb:17:in `call'
  actionpack (4.0.2) lib/action_dispatch/middleware/show_exceptions.rb:30:in `call'
  railties (4.0.2) lib/rails/rack/logger.rb:38:in `call_app'
  railties (4.0.2) lib/rails/rack/logger.rb:20:in `block in call'
  activesupport (4.0.2) lib/active_support/tagged_logging.rb:67:in `block in tagged'
  activesupport (4.0.2) lib/active_support/tagged_logging.rb:25:in `tagged'
  activesupport (4.0.2) lib/active_support/tagged_logging.rb:67:in `tagged'
  railties (4.0.2) lib/rails/rack/logger.rb:20:in `call'
  actionpack (4.0.2) lib/action_dispatch/middleware/request_id.rb:21:in `call'
  rack (1.5.2) lib/rack/methodoverride.rb:21:in `call'
  rack (1.5.2) lib/rack/runtime.rb:17:in `call'
  activesupport (4.0.2) lib/active_support/cache/strategy/local_cache.rb:83:in `call'
  rack (1.5.2) lib/rack/lock.rb:17:in `call'
  actionpack (4.0.2) lib/action_dispatch/middleware/static.rb:64:in `call'
  rack (1.5.2) lib/rack/sendfile.rb:112:in `call'
  railties (4.0.2) lib/rails/engine.rb:511:in `call'
  railties (4.0.2) lib/rails/application.rb:97:in `call'
  rack (1.5.2) lib/rack/lock.rb:17:in `call'
  rack (1.5.2) lib/rack/content_length.rb:14:in `call'
  rack (1.5.2) lib/rack/handler/webrick.rb:60:in `service'
  /usr/lib/ruby/1.9.1/webrick/httpserver.rb:138:in `service'
  /usr/lib/ruby/1.9.1/webrick/httpserver.rb:94:in `run'
  /usr/lib/ruby/1.9.1/webrick/server.rb:191:in `block in start_thread'


  Rendered /var/lib/gems/1.9.1/gems/actionpack-4.0.2/lib/action_dispatch/middleware/templates/rescues/_trace.erb (0.8ms)
  Rendered /var/lib/gems/1.9.1/gems/actionpack-4.0.2/lib/action_dispatch/middleware/templates/routes/_route.html.erb (1.0ms)
  Rendered /var/lib/gems/1.9.1/gems/actionpack-4.0.2/lib/action_dispatch/middleware/templates/routes/_table.html.erb (11.4ms)
  Rendered /var/lib/gems/1.9.1/gems/actionpack-4.0.2/lib/action_dispatch/middleware/templates/rescues/routing_error.erb within rescues/layout (79.6ms)


Started GET "/articles/new" for 127.0.0.1 at 2014-12-15 01:04:06 -0800

AbstractController::ActionNotFound (The action 'new' could not be found for ArticlesController):
  actionpack (4.0.2) lib/abstract_controller/base.rb:131:in `process'
  actionpack (4.0.2) lib/abstract_controller/rendering.rb:44:in `process'
  actionpack (4.0.2) lib/action_controller/metal.rb:195:in `dispatch'
  actionpack (4.0.2) lib/action_controller/metal/rack_delegation.rb:13:in `dispatch'
  actionpack (4.0.2) lib/action_controller/metal.rb:231:in `block in action'
  actionpack (4.0.2) lib/action_dispatch/routing/route_set.rb:80:in `call'
  actionpack (4.0.2) lib/action_dispatch/routing/route_set.rb:80:in `dispatch'
  actionpack (4.0.2) lib/action_dispatch/routing/route_set.rb:48:in `call'
  actionpack (4.0.2) lib/action_dispatch/journey/router.rb:71:in `block in call'
  actionpack (4.0.2) lib/action_dispatch/journey/router.rb:59:in `each'
  actionpack (4.0.2) lib/action_dispatch/journey/router.rb:59:in `call'
  actionpack (4.0.2) lib/action_dispatch/routing/route_set.rb:680:in `call'
  rack (1.5.2) lib/rack/etag.rb:23:in `call'
  rack (1.5.2) lib/rack/conditionalget.rb:25:in `call'
  rack (1.5.2) lib/rack/head.rb:11:in `call'
  actionpack (4.0.2) lib/action_dispatch/middleware/params_parser.rb:27:in `call'
  actionpack (4.0.2) lib/action_dispatch/middleware/flash.rb:241:in `call'
  rack (1.5.2) lib/rack/session/abstract/id.rb:225:in `context'
  rack (1.5.2) lib/rack/session/abstract/id.rb:220:in `call'
  actionpack (4.0.2) lib/action_dispatch/middleware/cookies.rb:486:in `call'
  activerecord (4.0.2) lib/active_record/query_cache.rb:36:in `call'
  activerecord (4.0.2) lib/active_record/connection_adapters/abstract/connection_pool.rb:626:in `call'
  activerecord (4.0.2) lib/active_record/migration.rb:369:in `call'
  actionpack (4.0.2) lib/action_dispatch/middleware/callbacks.rb:29:in `block in call'
  activesupport (4.0.2) lib/active_support/callbacks.rb:373:in `_run__1918998777607207157__call__callbacks'
  activesupport (4.0.2) lib/active_support/callbacks.rb:80:in `run_callbacks'
  actionpack (4.0.2) lib/action_dispatch/middleware/callbacks.rb:27:in `call'
  actionpack (4.0.2) lib/action_dispatch/middleware/reloader.rb:64:in `call'
  actionpack (4.0.2) lib/action_dispatch/middleware/remote_ip.rb:76:in `call'
  actionpack (4.0.2) lib/action_dispatch/middleware/debug_exceptions.rb:17:in `call'
  actionpack (4.0.2) lib/action_dispatch/middleware/show_exceptions.rb:30:in `call'
  railties (4.0.2) lib/rails/rack/logger.rb:38:in `call_app'
  railties (4.0.2) lib/rails/rack/logger.rb:20:in `block in call'
  activesupport (4.0.2) lib/active_support/tagged_logging.rb:67:in `block in tagged'
  activesupport (4.0.2) lib/active_support/tagged_logging.rb:25:in `tagged'
  activesupport (4.0.2) lib/active_support/tagged_logging.rb:67:in `tagged'
  railties (4.0.2) lib/rails/rack/logger.rb:20:in `call'
  actionpack (4.0.2) lib/action_dispatch/middleware/request_id.rb:21:in `call'
  rack (1.5.2) lib/rack/methodoverride.rb:21:in `call'
  rack (1.5.2) lib/rack/runtime.rb:17:in `call'
  activesupport (4.0.2) lib/active_support/cache/strategy/local_cache.rb:83:in `call'
  rack (1.5.2) lib/rack/lock.rb:17:in `call'
  actionpack (4.0.2) lib/action_dispatch/middleware/static.rb:64:in `call'
  rack (1.5.2) lib/rack/sendfile.rb:112:in `call'
  railties (4.0.2) lib/rails/engine.rb:511:in `call'
  railties (4.0.2) lib/rails/application.rb:97:in `call'
  rack (1.5.2) lib/rack/lock.rb:17:in `call'
  rack (1.5.2) lib/rack/content_length.rb:14:in `call'
  rack (1.5.2) lib/rack/handler/webrick.rb:60:in `service'
  /usr/lib/ruby/1.9.1/webrick/httpserver.rb:138:in `service'
  /usr/lib/ruby/1.9.1/webrick/httpserver.rb:94:in `run'
  /usr/lib/ruby/1.9.1/webrick/server.rb:191:in `block in start_thread'


  Rendered /var/lib/gems/1.9.1/gems/actionpack-4.0.2/lib/action_dispatch/middleware/templates/rescues/unknown_action.erb within rescues/layout (1.5ms)


Started GET "/articles/new" for 127.0.0.1 at 2014-12-15 01:05:02 -0800

AbstractController::ActionNotFound (The action 'new' could not be found for ArticlesController):
  actionpack (4.0.2) lib/abstract_controller/base.rb:131:in `process'
  actionpack (4.0.2) lib/abstract_controller/rendering.rb:44:in `process'
  actionpack (4.0.2) lib/action_controller/metal.rb:195:in `dispatch'
  actionpack (4.0.2) lib/action_controller/metal/rack_delegation.rb:13:in `dispatch'
  actionpack (4.0.2) lib/action_controller/metal.rb:231:in `block in action'
  actionpack (4.0.2) lib/action_dispatch/routing/route_set.rb:80:in `call'
  actionpack (4.0.2) lib/action_dispatch/routing/route_set.rb:80:in `dispatch'
  actionpack (4.0.2) lib/action_dispatch/routing/route_set.rb:48:in `call'
  actionpack (4.0.2) lib/action_dispatch/journey/router.rb:71:in `block in call'
  actionpack (4.0.2) lib/action_dispatch/journey/router.rb:59:in `each'
  actionpack (4.0.2) lib/action_dispatch/journey/router.rb:59:in `call'
  actionpack (4.0.2) lib/action_dispatch/routing/route_set.rb:680:in `call'
  rack (1.5.2) lib/rack/etag.rb:23:in `call'
  rack (1.5.2) lib/rack/conditionalget.rb:25:in `call'
  rack (1.5.2) lib/rack/head.rb:11:in `call'
  actionpack (4.0.2) lib/action_dispatch/middleware/params_parser.rb:27:in `call'
  actionpack (4.0.2) lib/action_dispatch/middleware/flash.rb:241:in `call'
  rack (1.5.2) lib/rack/session/abstract/id.rb:225:in `context'
  rack (1.5.2) lib/rack/session/abstract/id.rb:220:in `call'
  actionpack (4.0.2) lib/action_dispatch/middleware/cookies.rb:486:in `call'
  activerecord (4.0.2) lib/active_record/query_cache.rb:36:in `call'
  activerecord (4.0.2) lib/active_record/connection_adapters/abstract/connection_pool.rb:626:in `call'
  activerecord (4.0.2) lib/active_record/migration.rb:369:in `call'
  actionpack (4.0.2) lib/action_dispatch/middleware/callbacks.rb:29:in `block in call'
  activesupport (4.0.2) lib/active_support/callbacks.rb:373:in `_run__1918998777607207157__call__callbacks'
  activesupport (4.0.2) lib/active_support/callbacks.rb:80:in `run_callbacks'
  actionpack (4.0.2) lib/action_dispatch/middleware/callbacks.rb:27:in `call'
  actionpack (4.0.2) lib/action_dispatch/middleware/reloader.rb:64:in `call'
  actionpack (4.0.2) lib/action_dispatch/middleware/remote_ip.rb:76:in `call'
  actionpack (4.0.2) lib/action_dispatch/middleware/debug_exceptions.rb:17:in `call'
  actionpack (4.0.2) lib/action_dispatch/middleware/show_exceptions.rb:30:in `call'
  railties (4.0.2) lib/rails/rack/logger.rb:38:in `call_app'
  railties (4.0.2) lib/rails/rack/logger.rb:20:in `block in call'
  activesupport (4.0.2) lib/active_support/tagged_logging.rb:67:in `block in tagged'
  activesupport (4.0.2) lib/active_support/tagged_logging.rb:25:in `tagged'
  activesupport (4.0.2) lib/active_support/tagged_logging.rb:67:in `tagged'
  railties (4.0.2) lib/rails/rack/logger.rb:20:in `call'
  actionpack (4.0.2) lib/action_dispatch/middleware/request_id.rb:21:in `call'
  rack (1.5.2) lib/rack/methodoverride.rb:21:in `call'
  rack (1.5.2) lib/rack/runtime.rb:17:in `call'
  activesupport (4.0.2) lib/active_support/cache/strategy/local_cache.rb:83:in `call'
  rack (1.5.2) lib/rack/lock.rb:17:in `call'
  actionpack (4.0.2) lib/action_dispatch/middleware/static.rb:64:in `call'
  rack (1.5.2) lib/rack/sendfile.rb:112:in `call'
  railties (4.0.2) lib/rails/engine.rb:511:in `call'
  railties (4.0.2) lib/rails/application.rb:97:in `call'
  rack (1.5.2) lib/rack/lock.rb:17:in `call'
  rack (1.5.2) lib/rack/content_length.rb:14:in `call'
  rack (1.5.2) lib/rack/handler/webrick.rb:60:in `service'
  /usr/lib/ruby/1.9.1/webrick/httpserver.rb:138:in `service'
  /usr/lib/ruby/1.9.1/webrick/httpserver.rb:94:in `run'
  /usr/lib/ruby/1.9.1/webrick/server.rb:191:in `block in start_thread'


  Rendered /var/lib/gems/1.9.1/gems/actionpack-4.0.2/lib/action_dispatch/middleware/templates/rescues/unknown_action.erb within rescues/layout (0.4ms)


Started GET "/articles/new" for 127.0.0.1 at 2014-12-15 01:05:03 -0800

AbstractController::ActionNotFound (The action 'new' could not be found for ArticlesController):
  actionpack (4.0.2) lib/abstract_controller/base.rb:131:in `process'
  actionpack (4.0.2) lib/abstract_controller/rendering.rb:44:in `process'
  actionpack (4.0.2) lib/action_controller/metal.rb:195:in `dispatch'
  actionpack (4.0.2) lib/action_controller/metal/rack_delegation.rb:13:in `dispatch'
  actionpack (4.0.2) lib/action_controller/metal.rb:231:in `block in action'
  actionpack (4.0.2) lib/action_dispatch/routing/route_set.rb:80:in `call'
  actionpack (4.0.2) lib/action_dispatch/routing/route_set.rb:80:in `dispatch'
  actionpack (4.0.2) lib/action_dispatch/routing/route_set.rb:48:in `call'
  actionpack (4.0.2) lib/action_dispatch/journey/router.rb:71:in `block in call'
  actionpack (4.0.2) lib/action_dispatch/journey/router.rb:59:in `each'
  actionpack (4.0.2) lib/action_dispatch/journey/router.rb:59:in `call'
  actionpack (4.0.2) lib/action_dispatch/routing/route_set.rb:680:in `call'
  rack (1.5.2) lib/rack/etag.rb:23:in `call'
  rack (1.5.2) lib/rack/conditionalget.rb:25:in `call'
  rack (1.5.2) lib/rack/head.rb:11:in `call'
  actionpack (4.0.2) lib/action_dispatch/middleware/params_parser.rb:27:in `call'
  actionpack (4.0.2) lib/action_dispatch/middleware/flash.rb:241:in `call'
  rack (1.5.2) lib/rack/session/abstract/id.rb:225:in `context'
  rack (1.5.2) lib/rack/session/abstract/id.rb:220:in `call'
  actionpack (4.0.2) lib/action_dispatch/middleware/cookies.rb:486:in `call'
  activerecord (4.0.2) lib/active_record/query_cache.rb:36:in `call'
  activerecord (4.0.2) lib/active_record/connection_adapters/abstract/connection_pool.rb:626:in `call'
  activerecord (4.0.2) lib/active_record/migration.rb:369:in `call'
  actionpack (4.0.2) lib/action_dispatch/middleware/callbacks.rb:29:in `block in call'
  activesupport (4.0.2) lib/active_support/callbacks.rb:373:in `_run__1918998777607207157__call__callbacks'
  activesupport (4.0.2) lib/active_support/callbacks.rb:80:in `run_callbacks'
  actionpack (4.0.2) lib/action_dispatch/middleware/callbacks.rb:27:in `call'
  actionpack (4.0.2) lib/action_dispatch/middleware/reloader.rb:64:in `call'
  actionpack (4.0.2) lib/action_dispatch/middleware/remote_ip.rb:76:in `call'
  actionpack (4.0.2) lib/action_dispatch/middleware/debug_exceptions.rb:17:in `call'
  actionpack (4.0.2) lib/action_dispatch/middleware/show_exceptions.rb:30:in `call'
  railties (4.0.2) lib/rails/rack/logger.rb:38:in `call_app'
  railties (4.0.2) lib/rails/rack/logger.rb:20:in `block in call'
  activesupport (4.0.2) lib/active_support/tagged_logging.rb:67:in `block in tagged'
  activesupport (4.0.2) lib/active_support/tagged_logging.rb:25:in `tagged'
  activesupport (4.0.2) lib/active_support/tagged_logging.rb:67:in `tagged'
  railties (4.0.2) lib/rails/rack/logger.rb:20:in `call'
  actionpack (4.0.2) lib/action_dispatch/middleware/request_id.rb:21:in `call'
  rack (1.5.2) lib/rack/methodoverride.rb:21:in `call'
  rack (1.5.2) lib/rack/runtime.rb:17:in `call'
  activesupport (4.0.2) lib/active_support/cache/strategy/local_cache.rb:83:in `call'
  rack (1.5.2) lib/rack/lock.rb:17:in `call'
  actionpack (4.0.2) lib/action_dispatch/middleware/static.rb:64:in `call'
  rack (1.5.2) lib/rack/sendfile.rb:112:in `call'
  railties (4.0.2) lib/rails/engine.rb:511:in `call'
  railties (4.0.2) lib/rails/application.rb:97:in `call'
  rack (1.5.2) lib/rack/lock.rb:17:in `call'
  rack (1.5.2) lib/rack/content_length.rb:14:in `call'
  rack (1.5.2) lib/rack/handler/webrick.rb:60:in `service'
  /usr/lib/ruby/1.9.1/webrick/httpserver.rb:138:in `service'
  /usr/lib/ruby/1.9.1/webrick/httpserver.rb:94:in `run'
  /usr/lib/ruby/1.9.1/webrick/server.rb:191:in `block in start_thread'


  Rendered /var/lib/gems/1.9.1/gems/actionpack-4.0.2/lib/action_dispatch/middleware/templates/rescues/unknown_action.erb within rescues/layout (0.4ms)


Started GET "/articles/new" for 127.0.0.1 at 2014-12-15 01:05:16 -0800

AbstractController::ActionNotFound (The action 'new' could not be found for ArticlesController):
  actionpack (4.0.2) lib/abstract_controller/base.rb:131:in `process'
  actionpack (4.0.2) lib/abstract_controller/rendering.rb:44:in `process'
  actionpack (4.0.2) lib/action_controller/metal.rb:195:in `dispatch'
  actionpack (4.0.2) lib/action_controller/metal/rack_delegation.rb:13:in `dispatch'
  actionpack (4.0.2) lib/action_controller/metal.rb:231:in `block in action'
  actionpack (4.0.2) lib/action_dispatch/routing/route_set.rb:80:in `call'
  actionpack (4.0.2) lib/action_dispatch/routing/route_set.rb:80:in `dispatch'
  actionpack (4.0.2) lib/action_dispatch/routing/route_set.rb:48:in `call'
  actionpack (4.0.2) lib/action_dispatch/journey/router.rb:71:in `block in call'
  actionpack (4.0.2) lib/action_dispatch/journey/router.rb:59:in `each'
  actionpack (4.0.2) lib/action_dispatch/journey/router.rb:59:in `call'
  actionpack (4.0.2) lib/action_dispatch/routing/route_set.rb:680:in `call'
  rack (1.5.2) lib/rack/etag.rb:23:in `call'
  rack (1.5.2) lib/rack/conditionalget.rb:25:in `call'
  rack (1.5.2) lib/rack/head.rb:11:in `call'
  actionpack (4.0.2) lib/action_dispatch/middleware/params_parser.rb:27:in `call'
  actionpack (4.0.2) lib/action_dispatch/middleware/flash.rb:241:in `call'
  rack (1.5.2) lib/rack/session/abstract/id.rb:225:in `context'
  rack (1.5.2) lib/rack/session/abstract/id.rb:220:in `call'
  actionpack (4.0.2) lib/action_dispatch/middleware/cookies.rb:486:in `call'
  activerecord (4.0.2) lib/active_record/query_cache.rb:36:in `call'
  activerecord (4.0.2) lib/active_record/connection_adapters/abstract/connection_pool.rb:626:in `call'
  activerecord (4.0.2) lib/active_record/migration.rb:369:in `call'
  actionpack (4.0.2) lib/action_dispatch/middleware/callbacks.rb:29:in `block in call'
  activesupport (4.0.2) lib/active_support/callbacks.rb:373:in `_run__4492282653595474030__call__callbacks'
  activesupport (4.0.2) lib/active_support/callbacks.rb:80:in `run_callbacks'
  actionpack (4.0.2) lib/action_dispatch/middleware/callbacks.rb:27:in `call'
  actionpack (4.0.2) lib/action_dispatch/middleware/reloader.rb:64:in `call'
  actionpack (4.0.2) lib/action_dispatch/middleware/remote_ip.rb:76:in `call'
  actionpack (4.0.2) lib/action_dispatch/middleware/debug_exceptions.rb:17:in `call'
  actionpack (4.0.2) lib/action_dispatch/middleware/show_exceptions.rb:30:in `call'
  railties (4.0.2) lib/rails/rack/logger.rb:38:in `call_app'
  railties (4.0.2) lib/rails/rack/logger.rb:20:in `block in call'
  activesupport (4.0.2) lib/active_support/tagged_logging.rb:67:in `block in tagged'
  activesupport (4.0.2) lib/active_support/tagged_logging.rb:25:in `tagged'
  activesupport (4.0.2) lib/active_support/tagged_logging.rb:67:in `tagged'
  railties (4.0.2) lib/rails/rack/logger.rb:20:in `call'
  actionpack (4.0.2) lib/action_dispatch/middleware/request_id.rb:21:in `call'
  rack (1.5.2) lib/rack/methodoverride.rb:21:in `call'
  rack (1.5.2) lib/rack/runtime.rb:17:in `call'
  activesupport (4.0.2) lib/active_support/cache/strategy/local_cache.rb:83:in `call'
  rack (1.5.2) lib/rack/lock.rb:17:in `call'
  actionpack (4.0.2) lib/action_dispatch/middleware/static.rb:64:in `call'
  rack (1.5.2) lib/rack/sendfile.rb:112:in `call'
  railties (4.0.2) lib/rails/engine.rb:511:in `call'
  railties (4.0.2) lib/rails/application.rb:97:in `call'
  rack (1.5.2) lib/rack/lock.rb:17:in `call'
  rack (1.5.2) lib/rack/content_length.rb:14:in `call'
  rack (1.5.2) lib/rack/handler/webrick.rb:60:in `service'
  /usr/lib/ruby/1.9.1/webrick/httpserver.rb:138:in `service'
  /usr/lib/ruby/1.9.1/webrick/httpserver.rb:94:in `run'
  /usr/lib/ruby/1.9.1/webrick/server.rb:191:in `block in start_thread'


  Rendered /var/lib/gems/1.9.1/gems/actionpack-4.0.2/lib/action_dispatch/middleware/templates/rescues/unknown_action.erb within rescues/layout (6.1ms)


Started GET "/articles/new" for 127.0.0.1 at 2014-12-15 01:05:20 -0800

AbstractController::ActionNotFound (The action 'new' could not be found for ArticlesController):
  actionpack (4.0.2) lib/abstract_controller/base.rb:131:in `process'
  actionpack (4.0.2) lib/abstract_controller/rendering.rb:44:in `process'
  actionpack (4.0.2) lib/action_controller/metal.rb:195:in `dispatch'
  actionpack (4.0.2) lib/action_controller/metal/rack_delegation.rb:13:in `dispatch'
  actionpack (4.0.2) lib/action_controller/metal.rb:231:in `block in action'
  actionpack (4.0.2) lib/action_dispatch/routing/route_set.rb:80:in `call'
  actionpack (4.0.2) lib/action_dispatch/routing/route_set.rb:80:in `dispatch'
  actionpack (4.0.2) lib/action_dispatch/routing/route_set.rb:48:in `call'
  actionpack (4.0.2) lib/action_dispatch/journey/router.rb:71:in `block in call'
  actionpack (4.0.2) lib/action_dispatch/journey/router.rb:59:in `each'
  actionpack (4.0.2) lib/action_dispatch/journey/router.rb:59:in `call'
  actionpack (4.0.2) lib/action_dispatch/routing/route_set.rb:680:in `call'
  rack (1.5.2) lib/rack/etag.rb:23:in `call'
  rack (1.5.2) lib/rack/conditionalget.rb:25:in `call'
  rack (1.5.2) lib/rack/head.rb:11:in `call'
  actionpack (4.0.2) lib/action_dispatch/middleware/params_parser.rb:27:in `call'
  actionpack (4.0.2) lib/action_dispatch/middleware/flash.rb:241:in `call'
  rack (1.5.2) lib/rack/session/abstract/id.rb:225:in `context'
  rack (1.5.2) lib/rack/session/abstract/id.rb:220:in `call'
  actionpack (4.0.2) lib/action_dispatch/middleware/cookies.rb:486:in `call'
  activerecord (4.0.2) lib/active_record/query_cache.rb:36:in `call'
  activerecord (4.0.2) lib/active_record/connection_adapters/abstract/connection_pool.rb:626:in `call'
  activerecord (4.0.2) lib/active_record/migration.rb:369:in `call'
  actionpack (4.0.2) lib/action_dispatch/middleware/callbacks.rb:29:in `block in call'
  activesupport (4.0.2) lib/active_support/callbacks.rb:373:in `_run__4492282653595474030__call__callbacks'
  activesupport (4.0.2) lib/active_support/callbacks.rb:80:in `run_callbacks'
  actionpack (4.0.2) lib/action_dispatch/middleware/callbacks.rb:27:in `call'
  actionpack (4.0.2) lib/action_dispatch/middleware/reloader.rb:64:in `call'
  actionpack (4.0.2) lib/action_dispatch/middleware/remote_ip.rb:76:in `call'
  actionpack (4.0.2) lib/action_dispatch/middleware/debug_exceptions.rb:17:in `call'
  actionpack (4.0.2) lib/action_dispatch/middleware/show_exceptions.rb:30:in `call'
  railties (4.0.2) lib/rails/rack/logger.rb:38:in `call_app'
  railties (4.0.2) lib/rails/rack/logger.rb:20:in `block in call'
  activesupport (4.0.2) lib/active_support/tagged_logging.rb:67:in `block in tagged'
  activesupport (4.0.2) lib/active_support/tagged_logging.rb:25:in `tagged'
  activesupport (4.0.2) lib/active_support/tagged_logging.rb:67:in `tagged'
  railties (4.0.2) lib/rails/rack/logger.rb:20:in `call'
  actionpack (4.0.2) lib/action_dispatch/middleware/request_id.rb:21:in `call'
  rack (1.5.2) lib/rack/methodoverride.rb:21:in `call'
  rack (1.5.2) lib/rack/runtime.rb:17:in `call'
  activesupport (4.0.2) lib/active_support/cache/strategy/local_cache.rb:83:in `call'
  rack (1.5.2) lib/rack/lock.rb:17:in `call'
  actionpack (4.0.2) lib/action_dispatch/middleware/static.rb:64:in `call'
  rack (1.5.2) lib/rack/sendfile.rb:112:in `call'
  railties (4.0.2) lib/rails/engine.rb:511:in `call'
  railties (4.0.2) lib/rails/application.rb:97:in `call'
  rack (1.5.2) lib/rack/lock.rb:17:in `call'
  rack (1.5.2) lib/rack/content_length.rb:14:in `call'
  rack (1.5.2) lib/rack/handler/webrick.rb:60:in `service'
  /usr/lib/ruby/1.9.1/webrick/httpserver.rb:138:in `service'
  /usr/lib/ruby/1.9.1/webrick/httpserver.rb:94:in `run'
  /usr/lib/ruby/1.9.1/webrick/server.rb:191:in `block in start_thread'


  Rendered /var/lib/gems/1.9.1/gems/actionpack-4.0.2/lib/action_dispatch/middleware/templates/rescues/unknown_action.erb within rescues/layout (0.4ms)


Started GET "/articles/new" for 127.0.0.1 at 2014-12-15 01:05:22 -0800

AbstractController::ActionNotFound (The action 'new' could not be found for ArticlesController):
  actionpack (4.0.2) lib/abstract_controller/base.rb:131:in `process'
  actionpack (4.0.2) lib/abstract_controller/rendering.rb:44:in `process'
  actionpack (4.0.2) lib/action_controller/metal.rb:195:in `dispatch'
  actionpack (4.0.2) lib/action_controller/metal/rack_delegation.rb:13:in `dispatch'
  actionpack (4.0.2) lib/action_controller/metal.rb:231:in `block in action'
  actionpack (4.0.2) lib/action_dispatch/routing/route_set.rb:80:in `call'
  actionpack (4.0.2) lib/action_dispatch/routing/route_set.rb:80:in `dispatch'
  actionpack (4.0.2) lib/action_dispatch/routing/route_set.rb:48:in `call'
  actionpack (4.0.2) lib/action_dispatch/journey/router.rb:71:in `block in call'
  actionpack (4.0.2) lib/action_dispatch/journey/router.rb:59:in `each'
  actionpack (4.0.2) lib/action_dispatch/journey/router.rb:59:in `call'
  actionpack (4.0.2) lib/action_dispatch/routing/route_set.rb:680:in `call'
  rack (1.5.2) lib/rack/etag.rb:23:in `call'
  rack (1.5.2) lib/rack/conditionalget.rb:25:in `call'
  rack (1.5.2) lib/rack/head.rb:11:in `call'
  actionpack (4.0.2) lib/action_dispatch/middleware/params_parser.rb:27:in `call'
  actionpack (4.0.2) lib/action_dispatch/middleware/flash.rb:241:in `call'
  rack (1.5.2) lib/rack/session/abstract/id.rb:225:in `context'
  rack (1.5.2) lib/rack/session/abstract/id.rb:220:in `call'
  actionpack (4.0.2) lib/action_dispatch/middleware/cookies.rb:486:in `call'
  activerecord (4.0.2) lib/active_record/query_cache.rb:36:in `call'
  activerecord (4.0.2) lib/active_record/connection_adapters/abstract/connection_pool.rb:626:in `call'
  activerecord (4.0.2) lib/active_record/migration.rb:369:in `call'
  actionpack (4.0.2) lib/action_dispatch/middleware/callbacks.rb:29:in `block in call'
  activesupport (4.0.2) lib/active_support/callbacks.rb:373:in `_run__4492282653595474030__call__callbacks'
  activesupport (4.0.2) lib/active_support/callbacks.rb:80:in `run_callbacks'
  actionpack (4.0.2) lib/action_dispatch/middleware/callbacks.rb:27:in `call'
  actionpack (4.0.2) lib/action_dispatch/middleware/reloader.rb:64:in `call'
  actionpack (4.0.2) lib/action_dispatch/middleware/remote_ip.rb:76:in `call'
  actionpack (4.0.2) lib/action_dispatch/middleware/debug_exceptions.rb:17:in `call'
  actionpack (4.0.2) lib/action_dispatch/middleware/show_exceptions.rb:30:in `call'
  railties (4.0.2) lib/rails/rack/logger.rb:38:in `call_app'
  railties (4.0.2) lib/rails/rack/logger.rb:20:in `block in call'
  activesupport (4.0.2) lib/active_support/tagged_logging.rb:67:in `block in tagged'
  activesupport (4.0.2) lib/active_support/tagged_logging.rb:25:in `tagged'
  activesupport (4.0.2) lib/active_support/tagged_logging.rb:67:in `tagged'
  railties (4.0.2) lib/rails/rack/logger.rb:20:in `call'
  actionpack (4.0.2) lib/action_dispatch/middleware/request_id.rb:21:in `call'
  rack (1.5.2) lib/rack/methodoverride.rb:21:in `call'
  rack (1.5.2) lib/rack/runtime.rb:17:in `call'
  activesupport (4.0.2) lib/active_support/cache/strategy/local_cache.rb:83:in `call'
  rack (1.5.2) lib/rack/lock.rb:17:in `call'
  actionpack (4.0.2) lib/action_dispatch/middleware/static.rb:64:in `call'
  rack (1.5.2) lib/rack/sendfile.rb:112:in `call'
  railties (4.0.2) lib/rails/engine.rb:511:in `call'
  railties (4.0.2) lib/rails/application.rb:97:in `call'
  rack (1.5.2) lib/rack/lock.rb:17:in `call'
  rack (1.5.2) lib/rack/content_length.rb:14:in `call'
  rack (1.5.2) lib/rack/handler/webrick.rb:60:in `service'
  /usr/lib/ruby/1.9.1/webrick/httpserver.rb:138:in `service'
  /usr/lib/ruby/1.9.1/webrick/httpserver.rb:94:in `run'
  /usr/lib/ruby/1.9.1/webrick/server.rb:191:in `block in start_thread'


  Rendered /var/lib/gems/1.9.1/gems/actionpack-4.0.2/lib/action_dispatch/middleware/templates/rescues/unknown_action.erb within rescues/layout (0.4ms)


Started GET "/articles/new" for 127.0.0.1 at 2014-12-15 01:07:23 -0800

SyntaxError (/home/andrew/workspace/idk/blog/app/controllers/articles_controller.rb:2: formal argument cannot be a constant):
  activesupport (4.0.2) lib/active_support/dependencies.rb:424:in `load'
  activesupport (4.0.2) lib/active_support/dependencies.rb:424:in `block in load_file'
  activesupport (4.0.2) lib/active_support/dependencies.rb:616:in `new_constants_in'
  activesupport (4.0.2) lib/active_support/dependencies.rb:423:in `load_file'
  activesupport (4.0.2) lib/active_support/dependencies.rb:324:in `require_or_load'
  activesupport (4.0.2) lib/active_support/dependencies.rb:463:in `load_missing_constant'
  activesupport (4.0.2) lib/active_support/dependencies.rb:184:in `const_missing'
  activesupport (4.0.2) lib/active_support/inflector/methods.rb:226:in `const_get'
  activesupport (4.0.2) lib/active_support/inflector/methods.rb:226:in `block in constantize'
  activesupport (4.0.2) lib/active_support/inflector/methods.rb:224:in `each'
  activesupport (4.0.2) lib/active_support/inflector/methods.rb:224:in `inject'
  activesupport (4.0.2) lib/active_support/inflector/methods.rb:224:in `constantize'
  activesupport (4.0.2) lib/active_support/dependencies.rb:535:in `get'
  activesupport (4.0.2) lib/active_support/dependencies.rb:566:in `constantize'
  actionpack (4.0.2) lib/action_dispatch/routing/route_set.rb:76:in `controller_reference'
  actionpack (4.0.2) lib/action_dispatch/routing/route_set.rb:66:in `controller'
  actionpack (4.0.2) lib/action_dispatch/routing/route_set.rb:44:in `call'
  actionpack (4.0.2) lib/action_dispatch/journey/router.rb:71:in `block in call'
  actionpack (4.0.2) lib/action_dispatch/journey/router.rb:59:in `each'
  actionpack (4.0.2) lib/action_dispatch/journey/router.rb:59:in `call'
  actionpack (4.0.2) lib/action_dispatch/routing/route_set.rb:680:in `call'
  rack (1.5.2) lib/rack/etag.rb:23:in `call'
  rack (1.5.2) lib/rack/conditionalget.rb:25:in `call'
  rack (1.5.2) lib/rack/head.rb:11:in `call'
  actionpack (4.0.2) lib/action_dispatch/middleware/params_parser.rb:27:in `call'
  actionpack (4.0.2) lib/action_dispatch/middleware/flash.rb:241:in `call'
  rack (1.5.2) lib/rack/session/abstract/id.rb:225:in `context'
  rack (1.5.2) lib/rack/session/abstract/id.rb:220:in `call'
  actionpack (4.0.2) lib/action_dispatch/middleware/cookies.rb:486:in `call'
  activerecord (4.0.2) lib/active_record/query_cache.rb:36:in `call'
  activerecord (4.0.2) lib/active_record/connection_adapters/abstract/connection_pool.rb:626:in `call'
  activerecord (4.0.2) lib/active_record/migration.rb:369:in `call'
  actionpack (4.0.2) lib/action_dispatch/middleware/callbacks.rb:29:in `block in call'
  activesupport (4.0.2) lib/active_support/callbacks.rb:373:in `_run__4492282653595474030__call__callbacks'
  activesupport (4.0.2) lib/active_support/callbacks.rb:80:in `run_callbacks'
  actionpack (4.0.2) lib/action_dispatch/middleware/callbacks.rb:27:in `call'
  actionpack (4.0.2) lib/action_dispatch/middleware/reloader.rb:64:in `call'
  actionpack (4.0.2) lib/action_dispatch/middleware/remote_ip.rb:76:in `call'
  actionpack (4.0.2) lib/action_dispatch/middleware/debug_exceptions.rb:17:in `call'
  actionpack (4.0.2) lib/action_dispatch/middleware/show_exceptions.rb:30:in `call'
  railties (4.0.2) lib/rails/rack/logger.rb:38:in `call_app'
  railties (4.0.2) lib/rails/rack/logger.rb:20:in `block in call'
  activesupport (4.0.2) lib/active_support/tagged_logging.rb:67:in `block in tagged'
  activesupport (4.0.2) lib/active_support/tagged_logging.rb:25:in `tagged'
  activesupport (4.0.2) lib/active_support/tagged_logging.rb:67:in `tagged'
  railties (4.0.2) lib/rails/rack/logger.rb:20:in `call'
  actionpack (4.0.2) lib/action_dispatch/middleware/request_id.rb:21:in `call'
  rack (1.5.2) lib/rack/methodoverride.rb:21:in `call'
  rack (1.5.2) lib/rack/runtime.rb:17:in `call'
  activesupport (4.0.2) lib/active_support/cache/strategy/local_cache.rb:83:in `call'
  rack (1.5.2) lib/rack/lock.rb:17:in `call'
  actionpack (4.0.2) lib/action_dispatch/middleware/static.rb:64:in `call'
  rack (1.5.2) lib/rack/sendfile.rb:112:in `call'
  railties (4.0.2) lib/rails/engine.rb:511:in `call'
  railties (4.0.2) lib/rails/application.rb:97:in `call'
  rack (1.5.2) lib/rack/lock.rb:17:in `call'
  rack (1.5.2) lib/rack/content_length.rb:14:in `call'
  rack (1.5.2) lib/rack/handler/webrick.rb:60:in `service'
  /usr/lib/ruby/1.9.1/webrick/httpserver.rb:138:in `service'
  /usr/lib/ruby/1.9.1/webrick/httpserver.rb:94:in `run'
  /usr/lib/ruby/1.9.1/webrick/server.rb:191:in `block in start_thread'


  Rendered /var/lib/gems/1.9.1/gems/actionpack-4.0.2/lib/action_dispatch/middleware/templates/rescues/_source.erb (0.4ms)
  Rendered /var/lib/gems/1.9.1/gems/actionpack-4.0.2/lib/action_dispatch/middleware/templates/rescues/_trace.erb (1.2ms)
  Rendered /var/lib/gems/1.9.1/gems/actionpack-4.0.2/lib/action_dispatch/middleware/templates/rescues/_request_and_response.erb (17.4ms)
  Rendered /var/lib/gems/1.9.1/gems/actionpack-4.0.2/lib/action_dispatch/middleware/templates/rescues/diagnostics.erb within rescues/layout (40.1ms)


Started GET "/articles/new" for 127.0.0.1 at 2014-12-15 01:08:41 -0800

AbstractController::ActionNotFound (The action 'new' could not be found for ArticlesController):
  actionpack (4.0.2) lib/abstract_controller/base.rb:131:in `process'
  actionpack (4.0.2) lib/abstract_controller/rendering.rb:44:in `process'
  actionpack (4.0.2) lib/action_controller/metal.rb:195:in `dispatch'
  actionpack (4.0.2) lib/action_controller/metal/rack_delegation.rb:13:in `dispatch'
  actionpack (4.0.2) lib/action_controller/metal.rb:231:in `block in action'
  actionpack (4.0.2) lib/action_dispatch/routing/route_set.rb:80:in `call'
  actionpack (4.0.2) lib/action_dispatch/routing/route_set.rb:80:in `dispatch'
  actionpack (4.0.2) lib/action_dispatch/routing/route_set.rb:48:in `call'
  actionpack (4.0.2) lib/action_dispatch/journey/router.rb:71:in `block in call'
  actionpack (4.0.2) lib/action_dispatch/journey/router.rb:59:in `each'
  actionpack (4.0.2) lib/action_dispatch/journey/router.rb:59:in `call'
  actionpack (4.0.2) lib/action_dispatch/routing/route_set.rb:680:in `call'
  rack (1.5.2) lib/rack/etag.rb:23:in `call'
  rack (1.5.2) lib/rack/conditionalget.rb:25:in `call'
  rack (1.5.2) lib/rack/head.rb:11:in `call'
  actionpack (4.0.2) lib/action_dispatch/middleware/params_parser.rb:27:in `call'
  actionpack (4.0.2) lib/action_dispatch/middleware/flash.rb:241:in `call'
  rack (1.5.2) lib/rack/session/abstract/id.rb:225:in `context'
  rack (1.5.2) lib/rack/session/abstract/id.rb:220:in `call'
  actionpack (4.0.2) lib/action_dispatch/middleware/cookies.rb:486:in `call'
  activerecord (4.0.2) lib/active_record/query_cache.rb:36:in `call'
  activerecord (4.0.2) lib/active_record/connection_adapters/abstract/connection_pool.rb:626:in `call'
  activerecord (4.0.2) lib/active_record/migration.rb:369:in `call'
  actionpack (4.0.2) lib/action_dispatch/middleware/callbacks.rb:29:in `block in call'
  activesupport (4.0.2) lib/active_support/callbacks.rb:373:in `_run__4492282653595474030__call__callbacks'
  activesupport (4.0.2) lib/active_support/callbacks.rb:80:in `run_callbacks'
  actionpack (4.0.2) lib/action_dispatch/middleware/callbacks.rb:27:in `call'
  actionpack (4.0.2) lib/action_dispatch/middleware/reloader.rb:64:in `call'
  actionpack (4.0.2) lib/action_dispatch/middleware/remote_ip.rb:76:in `call'
  actionpack (4.0.2) lib/action_dispatch/middleware/debug_exceptions.rb:17:in `call'
  actionpack (4.0.2) lib/action_dispatch/middleware/show_exceptions.rb:30:in `call'
  railties (4.0.2) lib/rails/rack/logger.rb:38:in `call_app'
  railties (4.0.2) lib/rails/rack/logger.rb:20:in `block in call'
  activesupport (4.0.2) lib/active_support/tagged_logging.rb:67:in `block in tagged'
  activesupport (4.0.2) lib/active_support/tagged_logging.rb:25:in `tagged'
  activesupport (4.0.2) lib/active_support/tagged_logging.rb:67:in `tagged'
  railties (4.0.2) lib/rails/rack/logger.rb:20:in `call'
  actionpack (4.0.2) lib/action_dispatch/middleware/request_id.rb:21:in `call'
  rack (1.5.2) lib/rack/methodoverride.rb:21:in `call'
  rack (1.5.2) lib/rack/runtime.rb:17:in `call'
  activesupport (4.0.2) lib/active_support/cache/strategy/local_cache.rb:83:in `call'
  rack (1.5.2) lib/rack/lock.rb:17:in `call'
  actionpack (4.0.2) lib/action_dispatch/middleware/static.rb:64:in `call'
  rack (1.5.2) lib/rack/sendfile.rb:112:in `call'
  railties (4.0.2) lib/rails/engine.rb:511:in `call'
  railties (4.0.2) lib/rails/application.rb:97:in `call'
  rack (1.5.2) lib/rack/lock.rb:17:in `call'
  rack (1.5.2) lib/rack/content_length.rb:14:in `call'
  rack (1.5.2) lib/rack/handler/webrick.rb:60:in `service'
  /usr/lib/ruby/1.9.1/webrick/httpserver.rb:138:in `service'
  /usr/lib/ruby/1.9.1/webrick/httpserver.rb:94:in `run'
  /usr/lib/ruby/1.9.1/webrick/server.rb:191:in `block in start_thread'


  Rendered /var/lib/gems/1.9.1/gems/actionpack-4.0.2/lib/action_dispatch/middleware/templates/rescues/unknown_action.erb within rescues/layout (0.4ms)


Started GET "/articles/new" for 127.0.0.1 at 2014-12-15 01:08:43 -0800

AbstractController::ActionNotFound (The action 'new' could not be found for ArticlesController):
  actionpack (4.0.2) lib/abstract_controller/base.rb:131:in `process'
  actionpack (4.0.2) lib/abstract_controller/rendering.rb:44:in `process'
  actionpack (4.0.2) lib/action_controller/metal.rb:195:in `dispatch'
  actionpack (4.0.2) lib/action_controller/metal/rack_delegation.rb:13:in `dispatch'
  actionpack (4.0.2) lib/action_controller/metal.rb:231:in `block in action'
  actionpack (4.0.2) lib/action_dispatch/routing/route_set.rb:80:in `call'
  actionpack (4.0.2) lib/action_dispatch/routing/route_set.rb:80:in `dispatch'
  actionpack (4.0.2) lib/action_dispatch/routing/route_set.rb:48:in `call'
  actionpack (4.0.2) lib/action_dispatch/journey/router.rb:71:in `block in call'
  actionpack (4.0.2) lib/action_dispatch/journey/router.rb:59:in `each'
  actionpack (4.0.2) lib/action_dispatch/journey/router.rb:59:in `call'
  actionpack (4.0.2) lib/action_dispatch/routing/route_set.rb:680:in `call'
  rack (1.5.2) lib/rack/etag.rb:23:in `call'
  rack (1.5.2) lib/rack/conditionalget.rb:25:in `call'
  rack (1.5.2) lib/rack/head.rb:11:in `call'
  actionpack (4.0.2) lib/action_dispatch/middleware/params_parser.rb:27:in `call'
  actionpack (4.0.2) lib/action_dispatch/middleware/flash.rb:241:in `call'
  rack (1.5.2) lib/rack/session/abstract/id.rb:225:in `context'
  rack (1.5.2) lib/rack/session/abstract/id.rb:220:in `call'
  actionpack (4.0.2) lib/action_dispatch/middleware/cookies.rb:486:in `call'
  activerecord (4.0.2) lib/active_record/query_cache.rb:36:in `call'
  activerecord (4.0.2) lib/active_record/connection_adapters/abstract/connection_pool.rb:626:in `call'
  activerecord (4.0.2) lib/active_record/migration.rb:369:in `call'
  actionpack (4.0.2) lib/action_dispatch/middleware/callbacks.rb:29:in `block in call'
  activesupport (4.0.2) lib/active_support/callbacks.rb:373:in `_run__4492282653595474030__call__callbacks'
  activesupport (4.0.2) lib/active_support/callbacks.rb:80:in `run_callbacks'
  actionpack (4.0.2) lib/action_dispatch/middleware/callbacks.rb:27:in `call'
  actionpack (4.0.2) lib/action_dispatch/middleware/reloader.rb:64:in `call'
  actionpack (4.0.2) lib/action_dispatch/middleware/remote_ip.rb:76:in `call'
  actionpack (4.0.2) lib/action_dispatch/middleware/debug_exceptions.rb:17:in `call'
  actionpack (4.0.2) lib/action_dispatch/middleware/show_exceptions.rb:30:in `call'
  railties (4.0.2) lib/rails/rack/logger.rb:38:in `call_app'
  railties (4.0.2) lib/rails/rack/logger.rb:20:in `block in call'
  activesupport (4.0.2) lib/active_support/tagged_logging.rb:67:in `block in tagged'
  activesupport (4.0.2) lib/active_support/tagged_logging.rb:25:in `tagged'
  activesupport (4.0.2) lib/active_support/tagged_logging.rb:67:in `tagged'
  railties (4.0.2) lib/rails/rack/logger.rb:20:in `call'
  actionpack (4.0.2) lib/action_dispatch/middleware/request_id.rb:21:in `call'
  rack (1.5.2) lib/rack/methodoverride.rb:21:in `call'
  rack (1.5.2) lib/rack/runtime.rb:17:in `call'
  activesupport (4.0.2) lib/active_support/cache/strategy/local_cache.rb:83:in `call'
  rack (1.5.2) lib/rack/lock.rb:17:in `call'
  actionpack (4.0.2) lib/action_dispatch/middleware/static.rb:64:in `call'
  rack (1.5.2) lib/rack/sendfile.rb:112:in `call'
  railties (4.0.2) lib/rails/engine.rb:511:in `call'
  railties (4.0.2) lib/rails/application.rb:97:in `call'
  rack (1.5.2) lib/rack/lock.rb:17:in `call'
  rack (1.5.2) lib/rack/content_length.rb:14:in `call'
  rack (1.5.2) lib/rack/handler/webrick.rb:60:in `service'
  /usr/lib/ruby/1.9.1/webrick/httpserver.rb:138:in `service'
  /usr/lib/ruby/1.9.1/webrick/httpserver.rb:94:in `run'
  /usr/lib/ruby/1.9.1/webrick/server.rb:191:in `block in start_thread'


  Rendered /var/lib/gems/1.9.1/gems/actionpack-4.0.2/lib/action_dispatch/middleware/templates/rescues/unknown_action.erb within rescues/layout (0.7ms)


Started GET "/articles/new" for 127.0.0.1 at 2014-12-15 01:09:04 -0800

AbstractController::ActionNotFound (The action 'new' could not be found for ArticlesController):
  actionpack (4.0.2) lib/abstract_controller/base.rb:131:in `process'
  actionpack (4.0.2) lib/abstract_controller/rendering.rb:44:in `process'
  actionpack (4.0.2) lib/action_controller/metal.rb:195:in `dispatch'
  actionpack (4.0.2) lib/action_controller/metal/rack_delegation.rb:13:in `dispatch'
  actionpack (4.0.2) lib/action_controller/metal.rb:231:in `block in action'
  actionpack (4.0.2) lib/action_dispatch/routing/route_set.rb:80:in `call'
  actionpack (4.0.2) lib/action_dispatch/routing/route_set.rb:80:in `dispatch'
  actionpack (4.0.2) lib/action_dispatch/routing/route_set.rb:48:in `call'
  actionpack (4.0.2) lib/action_dispatch/journey/router.rb:71:in `block in call'
  actionpack (4.0.2) lib/action_dispatch/journey/router.rb:59:in `each'
  actionpack (4.0.2) lib/action_dispatch/journey/router.rb:59:in `call'
  actionpack (4.0.2) lib/action_dispatch/routing/route_set.rb:680:in `call'
  rack (1.5.2) lib/rack/etag.rb:23:in `call'
  rack (1.5.2) lib/rack/conditionalget.rb:25:in `call'
  rack (1.5.2) lib/rack/head.rb:11:in `call'
  actionpack (4.0.2) lib/action_dispatch/middleware/params_parser.rb:27:in `call'
  actionpack (4.0.2) lib/action_dispatch/middleware/flash.rb:241:in `call'
  rack (1.5.2) lib/rack/session/abstract/id.rb:225:in `context'
  rack (1.5.2) lib/rack/session/abstract/id.rb:220:in `call'
  actionpack (4.0.2) lib/action_dispatch/middleware/cookies.rb:486:in `call'
  activerecord (4.0.2) lib/active_record/query_cache.rb:36:in `call'
  activerecord (4.0.2) lib/active_record/connection_adapters/abstract/connection_pool.rb:626:in `call'
  activerecord (4.0.2) lib/active_record/migration.rb:369:in `call'
  actionpack (4.0.2) lib/action_dispatch/middleware/callbacks.rb:29:in `block in call'
  activesupport (4.0.2) lib/active_support/callbacks.rb:373:in `_run__4596132905224114597__call__callbacks'
  activesupport (4.0.2) lib/active_support/callbacks.rb:80:in `run_callbacks'
  actionpack (4.0.2) lib/action_dispatch/middleware/callbacks.rb:27:in `call'
  actionpack (4.0.2) lib/action_dispatch/middleware/reloader.rb:64:in `call'
  actionpack (4.0.2) lib/action_dispatch/middleware/remote_ip.rb:76:in `call'
  actionpack (4.0.2) lib/action_dispatch/middleware/debug_exceptions.rb:17:in `call'
  actionpack (4.0.2) lib/action_dispatch/middleware/show_exceptions.rb:30:in `call'
  railties (4.0.2) lib/rails/rack/logger.rb:38:in `call_app'
  railties (4.0.2) lib/rails/rack/logger.rb:20:in `block in call'
  activesupport (4.0.2) lib/active_support/tagged_logging.rb:67:in `block in tagged'
  activesupport (4.0.2) lib/active_support/tagged_logging.rb:25:in `tagged'
  activesupport (4.0.2) lib/active_support/tagged_logging.rb:67:in `tagged'
  railties (4.0.2) lib/rails/rack/logger.rb:20:in `call'
  actionpack (4.0.2) lib/action_dispatch/middleware/request_id.rb:21:in `call'
  rack (1.5.2) lib/rack/methodoverride.rb:21:in `call'
  rack (1.5.2) lib/rack/runtime.rb:17:in `call'
  activesupport (4.0.2) lib/active_support/cache/strategy/local_cache.rb:83:in `call'
  rack (1.5.2) lib/rack/lock.rb:17:in `call'
  actionpack (4.0.2) lib/action_dispatch/middleware/static.rb:64:in `call'
  rack (1.5.2) lib/rack/sendfile.rb:112:in `call'
  railties (4.0.2) lib/rails/engine.rb:511:in `call'
  railties (4.0.2) lib/rails/application.rb:97:in `call'
  rack (1.5.2) lib/rack/lock.rb:17:in `call'
  rack (1.5.2) lib/rack/content_length.rb:14:in `call'
  rack (1.5.2) lib/rack/handler/webrick.rb:60:in `service'
  /usr/lib/ruby/1.9.1/webrick/httpserver.rb:138:in `service'
  /usr/lib/ruby/1.9.1/webrick/httpserver.rb:94:in `run'
  /usr/lib/ruby/1.9.1/webrick/server.rb:191:in `block in start_thread'


  Rendered /var/lib/gems/1.9.1/gems/actionpack-4.0.2/lib/action_dispatch/middleware/templates/rescues/unknown_action.erb within rescues/layout (1.8ms)


Started GET "/articles/new" for 127.0.0.1 at 2014-12-15 01:09:29 -0800
Processing by ArticlesController#new as HTML
Completed 500 Internal Server Error in 17ms

ActionView::MissingTemplate (Missing template articles/new, application/new with {:locale=>[:en], :formats=>[:html], :handlers=>[:erb, :builder, :raw, :ruby, :jbuilder, :coffee]}. Searched in:
  * "/home/andrew/workspace/idk/blog/app/views"
):
  actionpack (4.0.2) lib/action_view/path_set.rb:46:in `find'
  actionpack (4.0.2) lib/action_view/lookup_context.rb:122:in `find'
  actionpack (4.0.2) lib/action_view/renderer/abstract_renderer.rb:18:in `find_template'
  actionpack (4.0.2) lib/action_view/renderer/template_renderer.rb:35:in `determine_template'
  actionpack (4.0.2) lib/action_view/renderer/template_renderer.rb:8:in `render'
  actionpack (4.0.2) lib/action_view/renderer/renderer.rb:42:in `render_template'
  actionpack (4.0.2) lib/action_view/renderer/renderer.rb:23:in `render'
  actionpack (4.0.2) lib/abstract_controller/rendering.rb:127:in `_render_template'
  actionpack (4.0.2) lib/action_controller/metal/streaming.rb:219:in `_render_template'
  actionpack (4.0.2) lib/abstract_controller/rendering.rb:120:in `render_to_body'
  actionpack (4.0.2) lib/action_controller/metal/rendering.rb:33:in `render_to_body'
  actionpack (4.0.2) lib/action_controller/metal/renderers.rb:26:in `render_to_body'
  actionpack (4.0.2) lib/abstract_controller/rendering.rb:97:in `render'
  actionpack (4.0.2) lib/action_controller/metal/rendering.rb:16:in `render'
  actionpack (4.0.2) lib/action_controller/metal/instrumentation.rb:41:in `block (2 levels) in render'
  activesupport (4.0.2) lib/active_support/core_ext/benchmark.rb:12:in `block in ms'
  /usr/lib/ruby/1.9.1/benchmark.rb:295:in `realtime'
  activesupport (4.0.2) lib/active_support/core_ext/benchmark.rb:12:in `ms'
  actionpack (4.0.2) lib/action_controller/metal/instrumentation.rb:41:in `block in render'
  actionpack (4.0.2) lib/action_controller/metal/instrumentation.rb:84:in `cleanup_view_runtime'
  activerecord (4.0.2) lib/active_record/railties/controller_runtime.rb:25:in `cleanup_view_runtime'
  actionpack (4.0.2) lib/action_controller/metal/instrumentation.rb:40:in `render'
  actionpack (4.0.2) lib/action_controller/metal/implicit_render.rb:10:in `default_render'
  actionpack (4.0.2) lib/action_controller/metal/implicit_render.rb:5:in `send_action'
  actionpack (4.0.2) lib/abstract_controller/base.rb:189:in `process_action'
  actionpack (4.0.2) lib/action_controller/metal/rendering.rb:10:in `process_action'
  actionpack (4.0.2) lib/abstract_controller/callbacks.rb:18:in `block in process_action'
  activesupport (4.0.2) lib/active_support/callbacks.rb:403:in `_run__1723584020681928219__process_action__callbacks'
  activesupport (4.0.2) lib/active_support/callbacks.rb:80:in `run_callbacks'
  actionpack (4.0.2) lib/abstract_controller/callbacks.rb:17:in `process_action'
  actionpack (4.0.2) lib/action_controller/metal/rescue.rb:29:in `process_action'
  actionpack (4.0.2) lib/action_controller/metal/instrumentation.rb:31:in `block in process_action'
  activesupport (4.0.2) lib/active_support/notifications.rb:159:in `block in instrument'
  activesupport (4.0.2) lib/active_support/notifications/instrumenter.rb:20:in `instrument'
  activesupport (4.0.2) lib/active_support/notifications.rb:159:in `instrument'
  actionpack (4.0.2) lib/action_controller/metal/instrumentation.rb:30:in `process_action'
  actionpack (4.0.2) lib/action_controller/metal/params_wrapper.rb:245:in `process_action'
  activerecord (4.0.2) lib/active_record/railties/controller_runtime.rb:18:in `process_action'
  actionpack (4.0.2) lib/abstract_controller/base.rb:136:in `process'
  actionpack (4.0.2) lib/abstract_controller/rendering.rb:44:in `process'
  actionpack (4.0.2) lib/action_controller/metal.rb:195:in `dispatch'
  actionpack (4.0.2) lib/action_controller/metal/rack_delegation.rb:13:in `dispatch'
  actionpack (4.0.2) lib/action_controller/metal.rb:231:in `block in action'
  actionpack (4.0.2) lib/action_dispatch/routing/route_set.rb:80:in `call'
  actionpack (4.0.2) lib/action_dispatch/routing/route_set.rb:80:in `dispatch'
  actionpack (4.0.2) lib/action_dispatch/routing/route_set.rb:48:in `call'
  actionpack (4.0.2) lib/action_dispatch/journey/router.rb:71:in `block in call'
  actionpack (4.0.2) lib/action_dispatch/journey/router.rb:59:in `each'
  actionpack (4.0.2) lib/action_dispatch/journey/router.rb:59:in `call'
  actionpack (4.0.2) lib/action_dispatch/routing/route_set.rb:680:in `call'
  rack (1.5.2) lib/rack/etag.rb:23:in `call'
  rack (1.5.2) lib/rack/conditionalget.rb:25:in `call'
  rack (1.5.2) lib/rack/head.rb:11:in `call'
  actionpack (4.0.2) lib/action_dispatch/middleware/params_parser.rb:27:in `call'
  actionpack (4.0.2) lib/action_dispatch/middleware/flash.rb:241:in `call'
  rack (1.5.2) lib/rack/session/abstract/id.rb:225:in `context'
  rack (1.5.2) lib/rack/session/abstract/id.rb:220:in `call'
  actionpack (4.0.2) lib/action_dispatch/middleware/cookies.rb:486:in `call'
  activerecord (4.0.2) lib/active_record/query_cache.rb:36:in `call'
  activerecord (4.0.2) lib/active_record/connection_adapters/abstract/connection_pool.rb:626:in `call'
  activerecord (4.0.2) lib/active_record/migration.rb:369:in `call'
  actionpack (4.0.2) lib/action_dispatch/middleware/callbacks.rb:29:in `block in call'
  activesupport (4.0.2) lib/active_support/callbacks.rb:373:in `_run__4596132905224114597__call__callbacks'
  activesupport (4.0.2) lib/active_support/callbacks.rb:80:in `run_callbacks'
  actionpack (4.0.2) lib/action_dispatch/middleware/callbacks.rb:27:in `call'
  actionpack (4.0.2) lib/action_dispatch/middleware/reloader.rb:64:in `call'
  actionpack (4.0.2) lib/action_dispatch/middleware/remote_ip.rb:76:in `call'
  actionpack (4.0.2) lib/action_dispatch/middleware/debug_exceptions.rb:17:in `call'
  actionpack (4.0.2) lib/action_dispatch/middleware/show_exceptions.rb:30:in `call'
  railties (4.0.2) lib/rails/rack/logger.rb:38:in `call_app'
  railties (4.0.2) lib/rails/rack/logger.rb:20:in `block in call'
  activesupport (4.0.2) lib/active_support/tagged_logging.rb:67:in `block in tagged'
  activesupport (4.0.2) lib/active_support/tagged_logging.rb:25:in `tagged'
  activesupport (4.0.2) lib/active_support/tagged_logging.rb:67:in `tagged'
  railties (4.0.2) lib/rails/rack/logger.rb:20:in `call'
  actionpack (4.0.2) lib/action_dispatch/middleware/request_id.rb:21:in `call'
  rack (1.5.2) lib/rack/methodoverride.rb:21:in `call'
  rack (1.5.2) lib/rack/runtime.rb:17:in `call'
  activesupport (4.0.2) lib/active_support/cache/strategy/local_cache.rb:83:in `call'
  rack (1.5.2) lib/rack/lock.rb:17:in `call'
  actionpack (4.0.2) lib/action_dispatch/middleware/static.rb:64:in `call'
  rack (1.5.2) lib/rack/sendfile.rb:112:in `call'
  railties (4.0.2) lib/rails/engine.rb:511:in `call'
  railties (4.0.2) lib/rails/application.rb:97:in `call'
  rack (1.5.2) lib/rack/lock.rb:17:in `call'
  rack (1.5.2) lib/rack/content_length.rb:14:in `call'
  rack (1.5.2) lib/rack/handler/webrick.rb:60:in `service'
  /usr/lib/ruby/1.9.1/webrick/httpserver.rb:138:in `service'
  /usr/lib/ruby/1.9.1/webrick/httpserver.rb:94:in `run'
  /usr/lib/ruby/1.9.1/webrick/server.rb:191:in `block in start_thread'


  Rendered /var/lib/gems/1.9.1/gems/actionpack-4.0.2/lib/action_dispatch/middleware/templates/rescues/missing_template.erb within rescues/layout (0.3ms)


Started GET "/articles/new" for 127.0.0.1 at 2014-12-15 01:11:19 -0800
Processing by ArticlesController#new as HTML
  Rendered articles/new.html.erb within layouts/application (0.3ms)
Completed 200 OK in 321ms (Views: 321.0ms | ActiveRecord: 0.0ms)


Started GET "/assets/application.css?body=1" for 127.0.0.1 at 2014-12-15 01:11:19 -0800


Started GET "/assets/articles.css?body=1" for 127.0.0.1 at 2014-12-15 01:11:19 -0800


Started GET "/assets/welcome.css?body=1" for 127.0.0.1 at 2014-12-15 01:11:19 -0800


Started GET "/assets/jquery.js?body=1" for 127.0.0.1 at 2014-12-15 01:11:19 -0800


Started GET "/assets/turbolinks.js?body=1" for 127.0.0.1 at 2014-12-15 01:11:19 -0800


Started GET "/assets/jquery_ujs.js?body=1" for 127.0.0.1 at 2014-12-15 01:11:19 -0800


Started GET "/assets/application.js?body=1" for 127.0.0.1 at 2014-12-15 01:11:19 -0800


Started GET "/assets/welcome.js?body=1" for 127.0.0.1 at 2014-12-15 01:11:19 -0800


Started GET "/assets/articles.js?body=1" for 127.0.0.1 at 2014-12-15 01:11:19 -0800
